<?xml version="1.0" encoding="UTF-8"?>
<!-- Generated by org.testng.reporters.JUnitXMLReporter -->
<testsuite ignored="9" hostname="WIN-IAU3NU9P049" failures="0" tests="1" name="Application Log" time="40.444" errors="0" timestamp="2022-01-14T19:02:06 IST">
  <testcase classname="tests.ApplicationLogTest" name="testApplicationLogIsCreatedForFileAuditModified" time="22.743"/>
  <testcase classname="tests.ApplicationLogTest" name="testApplicationLogIsCreatedForUserLogin" time="0.0">
    <ignored/>
  </testcase> <!-- testApplicationLogIsCreatedForUserLogin -->
  <testcase classname="tests.ApplicationLogTest" name="testApplicationLogIsCreatedForUserCreated" time="0.0">
    <ignored/>
  </testcase> <!-- testApplicationLogIsCreatedForUserCreated -->
  <testcase classname="tests.ApplicationLogTest" name="testApplicationLogIsCreatedForUserModified" time="0.0">
    <ignored/>
  </testcase> <!-- testApplicationLogIsCreatedForUserModified -->
  <testcase classname="tests.ApplicationLogTest" name="testApplicationLogIsCreatedForUserLoginFailed" time="0.0">
    <ignored/>
  </testcase> <!-- testApplicationLogIsCreatedForUserLoginFailed -->
  <testcase classname="tests.ApplicationLogTest" name="testApplicationLogIsCreatedForPrintJobModified" time="0.0">
    <ignored/>
  </testcase> <!-- testApplicationLogIsCreatedForPrintJobModified -->
  <testcase classname="tests.ApplicationLogTest" name="testApplicationLogIsCreatedForAlertDeleted" time="0.0">
    <ignored/>
  </testcase> <!-- testApplicationLogIsCreatedForAlertDeleted -->
  <testcase classname="tests.ApplicationLogTest" name="testApplicationLogIsCreatedForUserDeleted" time="0.0">
    <ignored/>
  </testcase> <!-- testApplicationLogIsCreatedForUserDeleted -->
  <testcase classname="tests.ApplicationLogTest" name="testApplicationLogIsCreatedForAlertModified" time="0.0">
    <ignored/>
  </testcase> <!-- testApplicationLogIsCreatedForAlertModified -->
  <testcase classname="tests.ApplicationLogTest" name="testApplicationLogIsCreatedForAlertCreated" time="0.0">
    <ignored/>
  </testcase> <!-- testApplicationLogIsCreatedForAlertCreated -->
</testsuite> <!-- Application Log -->
